.\mvnw.cmd : WARNING: A restricted method in java.lang.System has been called
No linha:2 caractere:26
+ ... _Semaforos; .\mvnw.cmd clean compile -DskipTests 2>&1 > build.log; Se ...
+                 ~~~~~~~~~~~~~~~~~~~~~~~~~~~~~~~~~~~~~~~~~~~~~~~~~~~~~
    + CategoryInfo          : NotSpecified: (WARNING: A rest...has been called:String) [], RemoteException
    + FullyQualifiedErrorId : NativeCommandError
 
WARNING: java.lang.System::load has been called by org.fusesource.jansi.internal.JansiLoader in an unnamed module (file
:/C:/Users/Maze/.m2/wrapper/dists/apache-maven-3.8.5-bin/5i5jha092a3i37g0paqnfr15e0/apache-maven-3.8.5/lib/jansi-2.4.0.
jar)
WARNING: Use --enable-native-access=ALL-UNNAMED to avoid a warning for callers in this module
WARNING: Restricted methods will be blocked in a future release unless native access is enabled

WARNING: A terminally deprecated method in sun.misc.Unsafe has been called
WARNING: sun.misc.Unsafe::objectFieldOffset has been called by 
com.google.common.util.concurrent.AbstractFuture$UnsafeAtomicHelper (file:/C:/Users/Maze/.m2/wrapper/dists/apache-maven
-3.8.5-bin/5i5jha092a3i37g0paqnfr15e0/apache-maven-3.8.5/lib/guava-25.1-android.jar)
WARNING: Please consider reporting this to the maintainers of class 
com.google.common.util.concurrent.AbstractFuture$UnsafeAtomicHelper
WARNING: sun.misc.Unsafe::objectFieldOffset will be removed in a future release
[INFO] Scanning for projects...
[INFO] 
[INFO] -----------------------< org.example:Semaforos >------------------------
[INFO] Building Semaforos 1.0-SNAPSHOT
[INFO] --------------------------------[ jar ]---------------------------------
[INFO] 
[INFO] --- maven-clean-plugin:2.5:clean (default-clean) @ Semaforos ---
[INFO] Deleting D:\Projeto_Semaforos\target
[INFO] 
[INFO] --- maven-resources-plugin:2.6:resources (default-resources) @ Semaforos ---
[INFO] Using 'UTF-8' encoding to copy filtered resources.
[INFO] Copying 12 resources
[INFO] 
[INFO] --- maven-compiler-plugin:3.13.0:compile (default-compile) @ Semaforos ---
[INFO] Recompiling the module because of changed source code.
[INFO] Compiling 5 source files with javac [debug target 8] to target\classes
[INFO] -------------------------------------------------------------
[WARNING] COMPILATION WARNING : 
[INFO] -------------------------------------------------------------
[WARNING] bootstrap class path is not set in conjunction with -source 8
  not setting the bootstrap class path may lead to class files that cannot run on JDK 8
    --release 8 is recommended instead of -source 8 -target 8 because it sets the bootstrap class path automatically
[WARNING] source value 8 is obsolete and will be removed in a future release
[WARNING] target value 8 is obsolete and will be removed in a future release
[WARNING] To suppress warnings about obsolete options, use -Xlint:-options.
[INFO] 4 warnings 
[INFO] -------------------------------------------------------------
[INFO] -------------------------------------------------------------
[ERROR] COMPILATION ERROR : 
[INFO] -------------------------------------------------------------
[ERROR] /D:/Projeto_Semaforos/src/main/java/org/example/semaforos/MetricasDashboard.java:[30,13] cannot find symbol
  symbol:   class Cidade
  location: class org.example.semaforos.DashboardMetricsController
[ERROR] /D:/Projeto_Semaforos/src/main/java/org/example/semaforos/MetricasDashboard.java:[31,13] cannot find symbol
  symbol:   class GerenciadorTrafego
  location: class org.example.semaforos.DashboardMetricsController
[ERROR] /D:/Projeto_Semaforos/src/main/java/org/example/semaforos/MetricasDashboard.java:[254,38] cannot find symbol
  symbol:   class Cruzamento
  location: class org.example.semaforos.DashboardMetricsController
[ERROR] /D:/Projeto_Semaforos/src/main/java/org/example/semaforos/MetricasDashboard.java:[276,36] cannot find symbol
  symbol:   class Cruzamento
  location: class org.example.semaforos.DashboardMetricsController
[ERROR] /D:/Projeto_Semaforos/src/main/java/org/example/semaforos/MetricasDashboard.java:[341,31] cannot find symbol
  symbol:   class Rua
  location: class org.example.semaforos.DashboardMetricsController
[ERROR] /D:/Projeto_Semaforos/src/main/java/org/example/semaforos/MetricasDashboard.java:[3,8] package classes does not exist
[ERROR] /D:/Projeto_Semaforos/src/main/java/org/example/semaforos/MetricasDashboardController.java:[21,13] cannot find symbol
  symbol:   class GridPane
  location: class org.example.semaforos.MetricasDashboardController
[ERROR] /D:/Projeto_Semaforos/src/main/java/org/example/semaforos/MetricasDashboardController.java:[24,13] cannot find symbol
  symbol:   class GridPane
  location: class org.example.semaforos.MetricasDashboardController
[ERROR] /D:/Projeto_Semaforos/src/main/java/org/example/semaforos/MetricasDashboardController.java:[27,13] cannot find symbol
  symbol:   class VBox
  location: class org.example.semaforos.MetricasDashboardController
[ERROR] /D:/Projeto_Semaforos/src/main/java/org/example/semaforos/MetricasDashboard.java:[48,22] cannot find symbol
  symbol:   class Cidade
  location: class org.example.semaforos.DashboardMetricsController
[ERROR] /D:/Projeto_Semaforos/src/main/java/org/example/semaforos/MetricasDashboard.java:[49,27] cannot find symbol
  symbol:   class GerenciadorTrafego
  location: class org.example.semaforos.DashboardMetricsController
[ERROR] /D:/Projeto_Semaforos/src/main/java/org/example/semaforos/MetricasDashboard.java:[194,14] cannot find symbol
  symbol:   class Rua
  location: class org.example.semaforos.DashboardMetricsController
[ERROR] /D:/Projeto_Semaforos/src/main/java/org/example/semaforos/MetricasDashboard.java:[233,14] cannot find symbol
  symbol:   class Cruzamento
  location: class org.example.semaforos.DashboardMetricsController
[ERROR] /D:/Projeto_Semaforos/src/main/java/org/example/semaforos/MetricasDashboard.java:[327,14] cannot find symbol
  symbol:   class Rua
  location: class org.example.semaforos.DashboardMetricsController
[ERROR] /D:/Projeto_Semaforos/src/main/java/org/example/semaforos/MetricasDashboard.java:[398,14] cannot find symbol
  symbol:   class Rua
  location: class org.example.semaforos.DashboardMetricsController
[ERROR] /D:/Projeto_Semaforos/src/main/java/org/example/semaforos/MetricasDashboard.java:[420,14] cannot find symbol
  symbol:   class Rua
  location: class org.example.semaforos.DashboardMetricsController
[ERROR] /D:/Projeto_Semaforos/src/main/java/org/example/semaforos/MetricasDashboard.java:[427,14] cannot find symbol
  symbol:   class Rua
  location: class org.example.semaforos.DashboardMetricsController
[ERROR] /D:/Projeto_Semaforos/src/main/java/org/example/semaforos/MetricasDashboard.java:[437,18] cannot find symbol
  symbol:   class Rua
  location: class org.example.semaforos.DashboardMetricsController
[ERROR] /D:/Projeto_Semaforos/src/main/java/org/example/semaforos/MetricasDashboard.java:[448,14] cannot find symbol
  symbol:   class Cruzamento
  location: class org.example.semaforos.DashboardMetricsController
[INFO] 19 errors 
[INFO] -------------------------------------------------------------
[INFO] ------------------------------------------------------------------------
[INFO] BUILD FAILURE
[INFO] ------------------------------------------------------------------------
[INFO] Total time:  1.942 s
[INFO] Finished at: 2026-06-16T14:00:22-03:00
[INFO] ------------------------------------------------------------------------
[ERROR] Failed to execute goal org.apache.maven.plugins:maven-compiler-plugin:3.13.0:compile (default-compile) on project Semaforos: Compilation failure: Compilation failure: 
[ERROR] /D:/Projeto_Semaforos/src/main/java/org/example/semaforos/MetricasDashboard.java:[30,13] cannot find symbol
[ERROR]   symbol:   class Cidade
[ERROR]   location: class org.example.semaforos.DashboardMetricsController
[ERROR] /D:/Projeto_Semaforos/src/main/java/org/example/semaforos/MetricasDashboard.java:[31,13] cannot find symbol
[ERROR]   symbol:   class GerenciadorTrafego
[ERROR]   location: class org.example.semaforos.DashboardMetricsController
[ERROR] /D:/Projeto_Semaforos/src/main/java/org/example/semaforos/MetricasDashboard.java:[254,38] cannot find symbol
[ERROR]   symbol:   class Cruzamento
[ERROR]   location: class org.example.semaforos.DashboardMetricsController
[ERROR] /D:/Projeto_Semaforos/src/main/java/org/example/semaforos/MetricasDashboard.java:[276,36] cannot find symbol
[ERROR]   symbol:   class Cruzamento
[ERROR]   location: class org.example.semaforos.DashboardMetricsController
[ERROR] /D:/Projeto_Semaforos/src/main/java/org/example/semaforos/MetricasDashboard.java:[341,31] cannot find symbol
[ERROR]   symbol:   class Rua
[ERROR]   location: class org.example.semaforos.DashboardMetricsController
[ERROR] /D:/Projeto_Semaforos/src/main/java/org/example/semaforos/MetricasDashboard.java:[3,8] package classes does not exist
[ERROR] /D:/Projeto_Semaforos/src/main/java/org/example/semaforos/MetricasDashboardController.java:[21,13] cannot find symbol
[ERROR]   symbol:   class GridPane
[ERROR]   location: class org.example.semaforos.MetricasDashboardController
[ERROR] /D:/Projeto_Semaforos/src/main/java/org/example/semaforos/MetricasDashboardController.java:[24,13] cannot find symbol
[ERROR]   symbol:   class GridPane
[ERROR]   location: class org.example.semaforos.MetricasDashboardController
[ERROR] /D:/Projeto_Semaforos/src/main/java/org/example/semaforos/MetricasDashboardController.java:[27,13] cannot find symbol
[ERROR]   symbol:   class VBox
[ERROR]   location: class org.example.semaforos.MetricasDashboardController
[ERROR] /D:/Projeto_Semaforos/src/main/java/org/example/semaforos/MetricasDashboard.java:[48,22] cannot find symbol
[ERROR]   symbol:   class Cidade
[ERROR]   location: class org.example.semaforos.DashboardMetricsController
[ERROR] /D:/Projeto_Semaforos/src/main/java/org/example/semaforos/MetricasDashboard.java:[49,27] cannot find symbol
[ERROR]   symbol:   class GerenciadorTrafego
[ERROR]   location: class org.example.semaforos.DashboardMetricsController
[ERROR] /D:/Projeto_Semaforos/src/main/java/org/example/semaforos/MetricasDashboard.java:[194,14] cannot find symbol
[ERROR]   symbol:   class Rua
[ERROR]   location: class org.example.semaforos.DashboardMetricsController
[ERROR] /D:/Projeto_Semaforos/src/main/java/org/example/semaforos/MetricasDashboard.java:[233,14] cannot find symbol
[ERROR]   symbol:   class Cruzamento
[ERROR]   location: class org.example.semaforos.DashboardMetricsController
[ERROR] /D:/Projeto_Semaforos/src/main/java/org/example/semaforos/MetricasDashboard.java:[327,14] cannot find symbol
[ERROR]   symbol:   class Rua
[ERROR]   location: class org.example.semaforos.DashboardMetricsController
[ERROR] /D:/Projeto_Semaforos/src/main/java/org/example/semaforos/MetricasDashboard.java:[398,14] cannot find symbol
[ERROR]   symbol:   class Rua
[ERROR]   location: class org.example.semaforos.DashboardMetricsController
[ERROR] /D:/Projeto_Semaforos/src/main/java/org/example/semaforos/MetricasDashboard.java:[420,14] cannot find symbol
[ERROR]   symbol:   class Rua
[ERROR]   location: class org.example.semaforos.DashboardMetricsController
[ERROR] /D:/Projeto_Semaforos/src/main/java/org/example/semaforos/MetricasDashboard.java:[427,14] cannot find symbol
[ERROR]   symbol:   class Rua
[ERROR]   location: class org.example.semaforos.DashboardMetricsController
[ERROR] /D:/Projeto_Semaforos/src/main/java/org/example/semaforos/MetricasDashboard.java:[437,18] cannot find symbol
[ERROR]   symbol:   class Rua
[ERROR]   location: class org.example.semaforos.DashboardMetricsController
[ERROR] /D:/Projeto_Semaforos/src/main/java/org/example/semaforos/MetricasDashboard.java:[448,14] cannot find symbol
[ERROR]   symbol:   class Cruzamento
[ERROR]   location: class org.example.semaforos.DashboardMetricsController
[ERROR] -> [Help 1]
[ERROR] 
[ERROR] To see the full stack trace of the errors, re-run Maven with the -e switch.
[ERROR] Re-run Maven using the -X switch to enable full debug logging.
[ERROR] 
[ERROR] For more information about the errors and possible solutions, please read the following articles:
[ERROR] [Help 1] http://cwiki.apache.org/confluence/display/MAVEN/MojoFailureException
